<?xml version="1.0" encoding="UTF-8"?>
<testng-results skipped="0" failed="0" total="1" passed="1">
  <reporter-output>
  </reporter-output>
  <suite name="Suite" duration-ms="10445" started-at="2019-02-08T20:28:29Z" finished-at="2019-02-08T20:28:40Z">
    <groups>
    </groups>
    <test name="Test" duration-ms="10445" started-at="2019-02-08T20:28:29Z" finished-at="2019-02-08T20:28:40Z">
      <class name="testCases.ValidateTest">
        <test-method status="PASS" signature="xyz()[pri:0, instance:testCases.ValidateTest@55f3ddb1]" name="xyz" duration-ms="10429" started-at="2019-02-09T01:58:29Z" finished-at="2019-02-09T01:58:40Z">
          <reporter-output>
          </reporter-output>
        </test-method> <!-- xyz -->
      </class> <!-- testCases.ValidateTest -->
    </test> <!-- Test -->
  </suite> <!-- Suite -->
</testng-results>
