-------------------------------------------------------------------------------
Test set: TestSuite
-------------------------------------------------------------------------------
Tests run: 4, Failures: 1, Errors: 0, Skipped: 0, Time elapsed: 64.556 s <<< FAILURE! - in TestSuite
validateAppTitle(Academy.Project.ValidateTitle)  Time elapsed: 0.097 s  <<< FAILURE!
java.lang.AssertionError: expected [FEAxTURED COURSES] but found [FEATURED COURSES]
	at Academy.Project.ValidateTitle.validateAppTitle(ValidateTitle.java:37)

