<?xml version="1.0" encoding="UTF-8"?>
<testng-results skipped="0" failed="0" total="1" passed="1">
  <reporter-output>
  </reporter-output>
  <suite name="Suite" duration-ms="25423" started-at="2019-01-07T20:32:03Z" finished-at="2019-01-07T20:32:29Z">
    <groups>
    </groups>
    <test name="Test" duration-ms="25423" started-at="2019-01-07T20:32:03Z" finished-at="2019-01-07T20:32:29Z">
      <class name="testCases.ValidateErrorTest">
        <test-method status="PASS" signature="setUp()[pri:0, instance:testCases.ValidateErrorTest@619713e5]" name="setUp" is-config="true" duration-ms="12299" started-at="2019-01-08T02:02:03Z" finished-at="2019-01-08T02:02:16Z">
          <reporter-output>
          </reporter-output>
        </test-method> <!-- setUp -->
        <test-method status="PASS" signature="getErrorTest()[pri:0, instance:testCases.ValidateErrorTest@619713e5]" name="getErrorTest" duration-ms="10943" started-at="2019-01-08T02:02:16Z" finished-at="2019-01-08T02:02:27Z">
          <reporter-output>
          </reporter-output>
        </test-method> <!-- getErrorTest -->
        <test-method status="PASS" signature="tearDown()[pri:0, instance:testCases.ValidateErrorTest@619713e5]" name="tearDown" is-config="true" duration-ms="2161" started-at="2019-01-08T02:02:27Z" finished-at="2019-01-08T02:02:29Z">
          <reporter-output>
          </reporter-output>
        </test-method> <!-- tearDown -->
      </class> <!-- testCases.ValidateErrorTest -->
    </test> <!-- Test -->
  </suite> <!-- Suite -->
</testng-results>
