<?xml version="1.0" encoding="UTF-8"?>
<!-- Generated by org.testng.reporters.JUnitXMLReporter -->
<testsuite hostname="A4ML24373" name="Test" tests="8" failures="0" timestamp="3 Mar 2019 15:08:11 GMT" time="0.87" errors="0">
  <testcase name="xyz" time="0.0" classname="testCases.ValidateReadTest"/>
  <testcase name="xyz" time="0.0" classname="testCases.ValidateReadTest"/>
  <testcase name="xyz" time="0.0" classname="testCases.ValidateReadTest"/>
  <testcase name="xyz" time="0.0" classname="testCases.ValidateReadTest"/>
  <testcase name="xyz" time="0.015" classname="testCases.ValidateReadTest"/>
  <testcase name="xyz" time="0.0" classname="testCases.ValidateReadTest"/>
  <testcase name="xyz" time="0.016" classname="testCases.ValidateReadTest"/>
  <testcase name="abc" time="0.172" classname="testCases.ValidateWriteTest"/>
</testsuite> <!-- Test -->
