<?xml version="1.0" encoding="UTF-8"?>
<testng-results skipped="0" failed="0" total="1" passed="1">
  <reporter-output>
  </reporter-output>
  <suite name="Default suite" duration-ms="9556" started-at="2019-03-24T19:17:36Z" finished-at="2019-03-24T19:17:45Z">
    <groups>
    </groups>
    <test name="Default test" duration-ms="9556" started-at="2019-03-24T19:17:36Z" finished-at="2019-03-24T19:17:45Z">
      <class name="testCases.Table">
        <test-method status="PASS" signature="x()[pri:0, instance:testCases.Table@55f3ddb1]" name="x" duration-ms="9540" started-at="2019-03-25T00:47:36Z" finished-at="2019-03-25T00:47:45Z">
          <reporter-output>
          </reporter-output>
        </test-method> <!-- x -->
      </class> <!-- testCases.Table -->
    </test> <!-- Default test -->
  </suite> <!-- Default suite -->
</testng-results>
