<?xml version="1.0" encoding="UTF-8"?>
<!-- Generated by org.testng.reporters.JUnitXMLReporter -->
<testsuite hostname="A4ML24373" name="Test" tests="8" failures="0" timestamp="23 Mar 2019 15:44:27 GMT" time="12.322" errors="0">
  <testcase name="pullData" time="0.024" classname="testCases.ValidateTest"/>
  <testcase name="pullData" time="0.008" classname="testCases.ValidateTest"/>
  <testcase name="pullData" time="0.008" classname="testCases.ValidateTest"/>
  <testcase name="pullData" time="0.004" classname="testCases.ValidateTest"/>
  <testcase name="pullData" time="0.004" classname="testCases.ValidateTest"/>
  <testcase name="pullData" time="0.004" classname="testCases.ValidateTest"/>
  <testcase name="pullData" time="0.004" classname="testCases.ValidateTest"/>
  <testcase name="x" time="11.689" classname="testCases.ValidateTest"/>
</testsuite> <!-- Test -->
