<?xml version="1.0" encoding="UTF-8"?>
<testng-results skipped="0" failed="0" total="1" passed="1">
  <reporter-output>
  </reporter-output>
  <suite name="Default suite" duration-ms="6424" started-at="2019-03-11T15:39:51Z" finished-at="2019-03-11T15:39:57Z">
    <groups>
    </groups>
    <test name="Default test" duration-ms="6424" started-at="2019-03-11T15:39:51Z" finished-at="2019-03-11T15:39:57Z">
      <class name="testCases.HeadlessBrowser">
        <test-method status="PASS" signature="x()[pri:0, instance:testCases.HeadlessBrowser@39aeed2f]" name="x" duration-ms="6395" started-at="2019-03-11T21:09:51Z" finished-at="2019-03-11T21:09:57Z">
          <reporter-output>
          </reporter-output>
        </test-method> <!-- x -->
      </class> <!-- testCases.HeadlessBrowser -->
    </test> <!-- Default test -->
  </suite> <!-- Default suite -->
</testng-results>
