<?xml version="1.0" encoding="UTF-8"?>
<!-- Generated by org.testng.reporters.JUnitXMLReporter -->
<testsuite hostname="A4ML24373" ignored="0" name="Test" tests="3" failures="0" timestamp="24 Nov 2018 17:47:16 GMT" time="59.337" errors="0">
  <testcase name="usingBuilder" time="8.485" classname="com.shadab.revision.RobotClass"/>
  <testcase name="usingChord" time="7.88" classname="com.shadab.revision.RobotClass"/>
  <testcase name="usingRobot" time="5.06" classname="com.shadab.revision.RobotClass"/>
</testsuite> <!-- Test -->
