<?xml version="1.0" encoding="UTF-8"?>
<testng-results skipped="0" failed="0" ignored="0" total="1" passed="1">
  <reporter-output>
  </reporter-output>
  <suite name="Default suite" duration-ms="20668" started-at="2019-01-01T13:34:41Z" finished-at="2019-01-01T13:35:02Z">
    <groups>
    </groups>
    <test name="Default test" duration-ms="20668" started-at="2019-01-01T13:34:41Z" finished-at="2019-01-01T13:35:02Z">
      <class name="TestCases.LoginApplicationTest">
        <test-method status="PASS" signature="login()[pri:0, instance:TestCases.LoginApplicationTest@548a9f61]" name="login" duration-ms="20644" started-at="2019-01-01T13:34:42Z" finished-at="2019-01-01T13:35:02Z">
          <reporter-output>
          </reporter-output>
        </test-method> <!-- login -->
      </class> <!-- TestCases.LoginApplicationTest -->
    </test> <!-- Default test -->
  </suite> <!-- Default suite -->
</testng-results>
