<?xml version="1.0" encoding="UTF-8"?>
<testng-results skipped="0" failed="0" ignored="0" total="1" passed="1">
  <reporter-output>
  </reporter-output>
  <suite name="Default suite" duration-ms="17460" started-at="2019-01-01T11:56:13Z" finished-at="2019-01-01T11:56:31Z">
    <groups>
    </groups>
    <test name="Default test" duration-ms="17460" started-at="2019-01-01T11:56:13Z" finished-at="2019-01-01T11:56:31Z">
      <class name="TestCases.LoginApplicationTest">
        <test-method status="PASS" signature="login()[pri:0, instance:TestCases.LoginApplicationTest@548a9f61]" name="login" duration-ms="17428" started-at="2019-01-01T11:56:13Z" finished-at="2019-01-01T11:56:31Z">
          <reporter-output>
          </reporter-output>
        </test-method> <!-- login -->
      </class> <!-- TestCases.LoginApplicationTest -->
    </test> <!-- Default test -->
  </suite> <!-- Default suite -->
</testng-results>
