<?xml version="1.0" encoding="UTF-8"?>
<testng-results skipped="0" failed="0" ignored="0" total="1" passed="1">
  <reporter-output>
  </reporter-output>
  <suite name="Default suite" duration-ms="2594" started-at="2019-05-17T07:10:20Z" finished-at="2019-05-17T07:10:23Z">
    <groups>
    </groups>
    <test name="Default test" duration-ms="2594" started-at="2019-05-17T07:10:20Z" finished-at="2019-05-17T07:10:23Z">
      <class name="demo.SimpleGetTest">
        <test-method status="PASS" signature="GetWeatherDetails()[pri:0, instance:demo.SimpleGetTest@2a2d45ba]" name="GetWeatherDetails" duration-ms="2562" started-at="2019-05-17T07:10:20Z" finished-at="2019-05-17T07:10:22Z">
          <reporter-output>
          </reporter-output>
        </test-method> <!-- GetWeatherDetails -->
      </class> <!-- demo.SimpleGetTest -->
    </test> <!-- Default test -->
  </suite> <!-- Default suite -->
</testng-results>
