<?xml version="1.0" encoding="UTF-8"?>
<testng-results skipped="0" failed="0" total="1" passed="1">
  <reporter-output>
  </reporter-output>
  <suite name="Default suite" duration-ms="8720" started-at="2019-05-16T10:08:17Z" finished-at="2019-05-16T10:08:26Z">
    <groups>
      <group name="cucumber">
        <method signature="AbstractTestNGCucumberTests.feature(cucumber.api.testng.CucumberFeatureWrapper)[pri:0, instance:cucumberOptions.TestRunner@47c62251]" name="feature" class="cucumber.api.testng.AbstractTestNGCucumberTests"/>
      </group> <!-- cucumber -->
    </groups>
    <test name="Default test" duration-ms="8720" started-at="2019-05-16T10:08:17Z" finished-at="2019-05-16T10:08:26Z">
      <class name="cucumberOptions.TestRunner">
        <test-method status="PASS" signature="setUpClass()[pri:0, instance:cucumberOptions.TestRunner@47c62251]" name="setUpClass" is-config="true" duration-ms="297" started-at="2019-05-16T15:38:17Z" finished-at="2019-05-16T15:38:17Z">
          <reporter-output>
          </reporter-output>
        </test-method> <!-- setUpClass -->
        <test-method status="PASS" signature="feature(cucumber.api.testng.CucumberFeatureWrapper)[pri:0, instance:cucumberOptions.TestRunner@47c62251]" name="feature" duration-ms="8327" started-at="2019-05-16T15:38:17Z" description="Runs Cucumber Feature" data-provider="features" finished-at="2019-05-16T15:38:25Z">
          <params>
            <param index="0">
              <value>
                <![CDATA[Bing Login]]>
              </value>
            </param>
          </params>
          <reporter-output>
          </reporter-output>
        </test-method> <!-- feature -->
        <test-method status="PASS" signature="tearDownClass()[pri:0, instance:cucumberOptions.TestRunner@47c62251]" name="tearDownClass" is-config="true" duration-ms="16" started-at="2019-05-16T15:38:25Z" finished-at="2019-05-16T15:38:26Z">
          <reporter-output>
          </reporter-output>
        </test-method> <!-- tearDownClass -->
      </class> <!-- cucumberOptions.TestRunner -->
    </test> <!-- Default test -->
  </suite> <!-- Default suite -->
</testng-results>
