<?xml version="1.0" encoding="UTF-8"?>
<!-- Generated by org.testng.reporters.JUnitXMLReporter -->
<testsuite hostname="A4ML24373" ignored="0" name="Test" tests="4" failures="1" timestamp="06 Jan 2019 06:33:12 GMT" time="67.76" errors="0">
  <testcase name="basePageNavigation" time="15.691" classname="Academy.Project.HomePageTest"/>
  <testcase name="basePageNavigation" time="7.045" classname="Academy.Project.HomePageTest"/>
  <testcase name="testTitle" time="0.092" classname="Academy.Project.ValidateTitle">
    <failure type="java.lang.AssertionError" message="expected [FEAxTURED COURSES] but found [FEATURED COURSES]">
      <![CDATA[java.lang.AssertionError: expected [FEAxTURED COURSES] but found [FEATURED COURSES]
at Academy.Project.ValidateTitle.testTitle(ValidateTitle.java:37)
... Removed 31 stack frames]]>
    </failure>
  </testcase> <!-- testTitle -->
  <testcase name="x" time="0.072" classname="Academy.Project.ValidateNavigationBarTest"/>
</testsuite> <!-- Test -->
