<?xml version="1.0" encoding="UTF-8"?>
<!-- Generated by org.testng.reporters.JUnitXMLReporter -->
<testsuite hostname="A4ML24373" ignored="1" name="Car Loan Test" tests="6" failures="0" timestamp="25 Dec 2018 12:06:42 GMT" time="0.107" errors="0">
  <testcase name="mobileLoginCarLoan" time="0.012" classname="com.udemy.rahul.Day3"/>
  <testcase name="mobileSignoutCarLoan" time="0.0" classname="com.udemy.rahul.Day3"/>
  <testcase name="mobileSignoutCarLoan" time="0.0" classname="com.udemy.rahul.Day3"/>
  <testcase name="mobileSignoutCarLoan" time="0.0" classname="com.udemy.rahul.Day3"/>
  <testcase name="webLoginCarLoan" time="0.0" classname="com.udemy.rahul.Day3"/>
  <testcase name="apiCarLoan" time="0.0" classname="com.udemy.rahul.Day3"/>
  <testcase name="mobileSigninCarLoan" time="0.0" classname="com.udemy.rahul.Day3">
    <ignored/>
  </testcase> <!-- mobileSigninCarLoan -->
</testsuite> <!-- Car Loan Test -->
