<?xml version="1.0" encoding="UTF-8"?>
<!-- Generated by org.testng.reporters.JUnitXMLReporter -->
<testsuite hostname="A4ML24373" ignored="0" name="Home Loan Test" tests="3" failures="0" timestamp="22 Dec 2018 17:25:03 GMT" time="0.0" errors="0">
  <testcase name="loginApiHomeLoan" time="0.0" classname="com.udemy.rahul.Day4"/>
  <testcase name="mobileLoginHomeLoan" time="0.0" classname="com.udemy.rahul.Day4"/>
  <testcase name="webLoginHomeLoan" time="0.0" classname="com.udemy.rahul.Day4"/>
</testsuite> <!-- Home Loan Test -->
