<?xml version="1.0" encoding="UTF-8"?>
<!-- Generated by org.testng.reporters.JUnitXMLReporter -->
<testsuite hostname="A4ML24373" ignored="1" name="Regression" tests="4" failures="0" timestamp="23 Dec 2018 08:17:33 GMT" time="0.052" errors="0">
  <testcase name="mobileLoginCarLoan" time="0.004" classname="com.udemy.rahul.Day3"/>
  <testcase name="mobileSignoutCarLoan" time="0.008" classname="com.udemy.rahul.Day3"/>
  <testcase name="webLoginCarLoan" time="0.002" classname="com.udemy.rahul.Day3"/>
  <testcase name="apiCarLoan" time="0.001" classname="com.udemy.rahul.Day3"/>
  <testcase name="mobileSigninCarLoan" time="0.0" classname="com.udemy.rahul.Day3">
    <ignored/>
  </testcase> <!-- mobileSigninCarLoan -->
</testsuite> <!-- Regression -->
