<?xml version="1.0" encoding="UTF-8"?>
<!-- Generated by org.testng.reporters.JUnitXMLReporter -->
<testsuite hostname="A4ML24373" ignored="0" name="Test" tests="3" failures="0" timestamp="20 Dec 2018 17:52:59 GMT" time="0.063" errors="0">
  <testcase name="testCaseOne" time="0.016" classname="com.udemy.rahul.Day1"/>
  <testcase name="testCaseTwo" time="0.0" classname="com.udemy.rahul.Day1"/>
  <testcase name="personalLoan" time="0.016" classname="com.udemy.rahul.Day2"/>
</testsuite> <!-- Test -->
