<?xml version="1.0" encoding="UTF-8"?>
<testng-results skipped="0" failed="0" ignored="0" total="2" passed="2">
  <reporter-output>
  </reporter-output>
  <suite name="Suite" duration-ms="36312" started-at="2019-02-18T19:32:10Z" finished-at="2019-02-18T19:32:47Z">
    <groups>
    </groups>
    <test name="TestFirefox" duration-ms="13793" started-at="2019-02-18T19:32:10Z" finished-at="2019-02-18T19:32:24Z">
      <class name="demo.RemoteTestNGPractice">
        <test-method status="PASS" signature="beforeMethod()[pri:0, instance:demo.RemoteTestNGPractice@28d25987]" name="beforeMethod" is-config="true" duration-ms="0" started-at="2019-02-18T19:32:11Z" finished-at="2019-02-18T19:32:11Z">
          <reporter-output>
          </reporter-output>
        </test-method> <!-- beforeMethod -->
        <test-method status="PASS" signature="browserTest(java.lang.String)[pri:0, instance:demo.RemoteTestNGPractice@28d25987]" name="browserTest" duration-ms="11832" started-at="2019-02-18T19:32:11Z" finished-at="2019-02-18T19:32:22Z">
          <params>
            <param index="0">
              <value>
                <![CDATA[firefox]]>
              </value>
            </param>
          </params>
          <reporter-output>
          </reporter-output>
        </test-method> <!-- browserTest -->
        <test-method status="PASS" signature="aftermethod()[pri:0, instance:demo.RemoteTestNGPractice@28d25987]" name="aftermethod" is-config="true" duration-ms="1922" started-at="2019-02-18T19:32:22Z" finished-at="2019-02-18T19:32:24Z">
          <reporter-output>
          </reporter-output>
        </test-method> <!-- aftermethod -->
      </class> <!-- demo.RemoteTestNGPractice -->
    </test> <!-- TestFirefox -->
    <test name="TestChrome" duration-ms="36312" started-at="2019-02-18T19:32:10Z" finished-at="2019-02-18T19:32:47Z">
      <class name="demo.RemoteTestNGPractice">
        <test-method status="PASS" signature="beforeMethod()[pri:0, instance:demo.RemoteTestNGPractice@7dc7cbad]" name="beforeMethod" is-config="true" duration-ms="0" started-at="2019-02-18T19:32:11Z" finished-at="2019-02-18T19:32:11Z">
          <reporter-output>
          </reporter-output>
        </test-method> <!-- beforeMethod -->
        <test-method status="PASS" signature="browserTest(java.lang.String)[pri:0, instance:demo.RemoteTestNGPractice@7dc7cbad]" name="browserTest" duration-ms="33859" started-at="2019-02-18T19:32:11Z" finished-at="2019-02-18T19:32:44Z">
          <params>
            <param index="0">
              <value>
                <![CDATA[chrome]]>
              </value>
            </param>
          </params>
          <reporter-output>
          </reporter-output>
        </test-method> <!-- browserTest -->
        <test-method status="PASS" signature="aftermethod()[pri:0, instance:demo.RemoteTestNGPractice@7dc7cbad]" name="aftermethod" is-config="true" duration-ms="2407" started-at="2019-02-18T19:32:44Z" finished-at="2019-02-18T19:32:47Z">
          <reporter-output>
          </reporter-output>
        </test-method> <!-- aftermethod -->
      </class> <!-- demo.RemoteTestNGPractice -->
    </test> <!-- TestChrome -->
  </suite> <!-- Suite -->
</testng-results>
