<?xml version="1.0" encoding="UTF-8"?>
<!-- Generated by org.testng.reporters.JUnitXMLReporter -->
<testsuite hostname="A4ML24373" ignored="1" name="Test1" tests="2" failures="1" timestamp="24 Nov 2018 09:24:46 GMT" time="6.146" errors="0">
  <testcase name="x" time="6.112" classname="com.shadab.revision.RobotClass"/>
  <testcase name="z" time="0.007" classname="com.shadab.revision.RobotClass">
    <failure type="java.lang.NullPointerException">
      <![CDATA[java.lang.NullPointerException
at com.shadab.revision.RobotClass.z(RobotClass.java:64)
... Removed 25 stack frames]]>
    </failure>
  </testcase> <!-- z -->
  <testcase name="y" time="0.0" classname="com.shadab.revision.RobotClass">
    <ignored/>
  </testcase> <!-- y -->
</testsuite> <!-- Test1 -->
