<?xml version="1.0" encoding="UTF-8"?>
<!-- Generated by org.testng.reporters.JUnitXMLReporter -->
<testsuite hostname="A4ML24373" ignored="0" name="Test" tests="6" failures="0" timestamp="28 Dec 2018 18:13:30 GMT" time="0.048" errors="0">
  <testcase name="iosApps" time="0.009" classname="qaclickacademy.MavenJava.AppiumTest"/>
  <testcase name="nativeAppAndroid" time="0.0" classname="qaclickacademy.MavenJava.AppiumTest"/>
  <testcase name="browserAutomation" time="0.0" classname="qaclickacademy.MavenJava.SeleniumTest"/>
  <testcase name="elementsUi" time="0.0" classname="qaclickacademy.MavenJava.SeleniumTest"/>
  <testcase name="deleteTwitter" time="0.0" classname="qaclickacademy.MavenJava.RestApiTest"/>
  <testcase name="postJira" time="0.0" classname="qaclickacademy.MavenJava.RestApiTest"/>
</testsuite> <!-- Test -->
