<?xml version="1.0" encoding="UTF-8"?>
<!-- Generated by org.testng.reporters.JUnitXMLReporter -->
<testsuite hostname="A4ML24373" name="Test" tests="4" failures="1" timestamp="6 Jan 2019 07:59:34 GMT" time="63.025" errors="0">
  <testcase name="basePageNavigation" time="10.695" classname="Academy.Project.HomePageTest"/>
  <testcase name="basePageNavigation" time="6.147" classname="Academy.Project.HomePageTest"/>
  <testcase name="validateAppTitle" time="0.088" classname="Academy.Project.ValidateTitle">
    <failure type="java.lang.AssertionError" message="expected [FEAxTURED COURSES] but found [FEATURED COURSES]">
      <![CDATA[java.lang.AssertionError: expected [FEAxTURED COURSES] but found [FEATURED COURSES]
	at Academy.Project.ValidateTitle.validateAppTitle(ValidateTitle.java:37)
	at org.apache.maven.surefire.testng.TestNGExecutor.run(TestNGExecutor.java:283)
	at org.apache.maven.surefire.testng.TestNGXmlTestSuite.execute(TestNGXmlTestSuite.java:75)
	at org.apache.maven.surefire.testng.TestNGProvider.invoke(TestNGProvider.java:120)
	at org.apache.maven.surefire.booter.ForkedBooter.invokeProviderInSameClassLoader(ForkedBooter.java:384)
	at org.apache.maven.surefire.booter.ForkedBooter.runSuitesInProcess(ForkedBooter.java:345)
	at org.apache.maven.surefire.booter.ForkedBooter.execute(ForkedBooter.java:126)
	at org.apache.maven.surefire.booter.ForkedBooter.main(ForkedBooter.java:418)
... Removed 26 stack frames]]>
    </failure>
  </testcase> <!-- validateAppTitle -->
  <testcase name="validateAppNavigationBar" time="0.108" classname="Academy.Project.ValidateNavigationBarTest"/>
</testsuite> <!-- Test -->
