<?xml version="1.0" encoding="UTF-8"?>
<testng-results skipped="0" failed="0" total="1" passed="1">
  <reporter-output>
  </reporter-output>
  <suite name="Default suite" duration-ms="8179" started-at="2019-02-10T15:30:53Z" finished-at="2019-02-10T15:31:01Z">
    <groups>
    </groups>
    <test name="Default test" duration-ms="8179" started-at="2019-02-10T15:30:53Z" finished-at="2019-02-10T15:31:01Z">
      <class name="demo.ValidateDataBase">
        <test-method status="PASS" signature="setUp()[pri:0, instance:demo.ValidateDataBase@1d057a39]" name="setUp" is-config="true" duration-ms="301" started-at="2019-02-10T21:00:53Z" finished-at="2019-02-10T21:00:53Z">
          <reporter-output>
          </reporter-output>
        </test-method> <!-- setUp -->
        <test-method status="PASS" signature="getData()[pri:0, instance:demo.ValidateDataBase@1d057a39]" name="getData" duration-ms="5539" started-at="2019-02-10T21:00:53Z" finished-at="2019-02-10T21:00:59Z">
          <reporter-output>
          </reporter-output>
        </test-method> <!-- getData -->
        <test-method status="PASS" signature="tearDown()[pri:0, instance:demo.ValidateDataBase@1d057a39]" name="tearDown" is-config="true" duration-ms="2327" started-at="2019-02-10T21:00:59Z" finished-at="2019-02-10T21:01:01Z">
          <reporter-output>
          </reporter-output>
        </test-method> <!-- tearDown -->
      </class> <!-- demo.ValidateDataBase -->
    </test> <!-- Default test -->
  </suite> <!-- Default suite -->
</testng-results>
